<?xml version="1.0" encoding="UTF-8"?>
<!-- Generated by org.testng.reporters.JUnitReportReporter -->
<testsuite skipped="0" hostname="DESKTOP-DJ8QBGQ" name="org.qa.restapi.tests.PUT_Test" tests="1" failures="0" timestamp="26 Sep 2022 07:39:02 GMT" time="3.344" errors="0">
  <testcase name="put_call_test" time="3.344" classname="org.qa.restapi.tests.PUT_Test"/>
</testsuite> <!-- org.qa.restapi.tests.PUT_Test -->
