<?xml version="1.0" encoding="UTF-8"?>
<!-- Generated by org.testng.reporters.JUnitReportReporter -->
<testsuite skipped="0" hostname="DESKTOP-DJ8QBGQ" name="org.qa.restapi.tests.GetCallTest" tests="1" failures="0" timestamp="20 Sep 2022 06:33:33 GMT" time="3.780" errors="0">
  <testcase name="test_data" time="3.780" classname="org.qa.restapi.tests.GetCallTest"/>
</testsuite> <!-- org.qa.restapi.tests.GetCallTest -->
