<?xml version="1.0" encoding="UTF-8"?>
<!-- Generated by org.testng.reporters.JUnitReportReporter -->
<testsuite skipped="0" hostname="DESKTOP-DJ8QBGQ" name="org.qa.restapi.tests.RestAPICallTest" tests="1" failures="0" timestamp="20 Sep 2022 06:48:55 GMT" time="3.474" errors="0">
  <testcase name="getUsersTest" time="3.474" classname="org.qa.restapi.tests.RestAPICallTest"/>
</testsuite> <!-- org.qa.restapi.tests.RestAPICallTest -->
