<?xml version="1.0" encoding="UTF-8"?>
<!-- Generated by org.testng.reporters.JUnitReportReporter -->
<testsuite skipped="0" hostname="DESKTOP-DJ8QBGQ" name="org.qa.restapi.tests.Test_GET_02" tests="1" failures="0" timestamp="26 Sep 2022 06:19:13 GMT" time="4.360" errors="0">
  <testcase name="get_call_test" time="4.360" classname="org.qa.restapi.tests.Test_GET_02"/>
</testsuite> <!-- org.qa.restapi.tests.Test_GET_02 -->
