<?xml version="1.0" encoding="UTF-8"?>
<!-- Generated by org.testng.reporters.JUnitReportReporter -->
<testsuite skipped="0" hostname="DESKTOP-DJ8QBGQ" name="org.qa.restapi.tests.DELETE_Call" tests="1" failures="0" timestamp="26 Sep 2022 07:48:52 GMT" time="3.990" errors="0">
  <testcase name="delete_Test" time="3.990" classname="org.qa.restapi.tests.DELETE_Call"/>
</testsuite> <!-- org.qa.restapi.tests.DELETE_Call -->
