<?xml version="1.0" encoding="UTF-8"?>
<!-- Generated by org.testng.reporters.JUnitReportReporter -->
<testsuite skipped="0" hostname="DESKTOP-DJ8QBGQ" name="org.qa.restapi.tests.AddUserAPI" tests="1" failures="0" timestamp="21 Sep 2022 10:16:11 GMT" time="3.918" errors="0">
  <testcase name="addUserTest" time="3.918" classname="org.qa.restapi.tests.AddUserAPI"/>
</testsuite> <!-- org.qa.restapi.tests.AddUserAPI -->
