<?xml version="1.0" encoding="UTF-8"?>
<!-- Generated by org.testng.reporters.JUnitReportReporter -->
<testsuite skipped="0" hostname="DESKTOP-DJ8QBGQ" name="org.qa.restapi.tests.Test_POST" tests="1" failures="0" timestamp="26 Sep 2022 07:31:52 GMT" time="3.469" errors="0">
  <testcase name="post_call_test" time="3.469" classname="org.qa.restapi.tests.Test_POST"/>
</testsuite> <!-- org.qa.restapi.tests.Test_POST -->
